<?xml version="1.0" encoding="UTF-8"?>
<!-- Generated by org.testng.reporters.JUnitXMLReporter -->
<testsuite ignored="0" hostname="Aakarshan" failures="0" tests="6" name="Default test" time="17.317" errors="0" timestamp="2024-02-07T01:06:42 IST">
  <testcase classname="com.mmt.mmtAutomation" name="openBrowser" time="5.92"/>
  <testcase classname="com.mmt.mmtAutomation" name="locationFrom" time="2.734"/>
  <testcase classname="com.mmt.mmtAutomation" name="locationTo" time="2.956"/>
  <testcase classname="com.mmt.mmtAutomation" name="dates" time="1.024"/>
  <testcase classname="com.mmt.mmtAutomation" name="passanger" time="2.778"/>
  <testcase classname="com.mmt.mmtAutomation" name="search" time="1.819"/>
</testsuite> <!-- Default test -->
